Drill Listing
=============
Drill: .01  Tool: 1  Feed: 95  Speed: 300
X 92351  Y 137080
X 105951  Y 137080
X 92021  Y 149946
X 105621  Y 149946
X 94142  Y 168647
X 102707  Y 168915
X 111273  Y 168915
X 111808  Y 175874
X 94142  Y 175874
X 102975  Y 176276
X 102841  Y 182700
X 94008  Y 183235
X 110737  Y 183503
X 115244  Y 192709
X 104759  Y 194633
X 115244  Y 196646
X 115244  Y 200583
X 100566  Y 209066
X 110603  Y 209601
X 93740  Y 210538
X 93874  Y 216293
X 101503  Y 216427
X 111139  Y 216560
X 93740  Y 222583
X 101503  Y 223252
X 111540  Y 223921
X 108157  Y 236560
X 94557  Y 236560
X 94504  Y 242604
X 108104  Y 242604
X 136042  Y 313178
X 139044  Y 270060
X 129879  Y 269281
X 126079  Y 267313
X 123295  Y 258832
X 138200  Y 228951
X 119570  Y 223520
X 126396  Y 223252
X 138200  Y 221452
X 126798  Y 217096
X 119437  Y 215891
X 138200  Y 211418
X 119570  Y 209467
X 126396  Y 209467
X 121944  Y 202551
X 132000  Y 201000
X 121944  Y 198614
X 132335  Y 198300
X 127139  Y 195662
X 121944  Y 194677
X 132335  Y 194677
X 139035  Y 192709
X 119303  Y 183369
X 127199  Y 183101
X 127199  Y 176008
X 119704  Y 175607
X 119704  Y 169049
X 126931  Y 168647
X 120594  Y 156017
X 120594  Y 133317
X 134015  Y 117125
X 129015  Y 117125
X 129015  Y 112125
X 139015  Y 112125
X 129015  Y 107125
X 134015  Y 107125
X 129015  Y 102125
X 139015  Y 102125
X 129015  Y 97125
X 134015  Y 97125
X 123500  Y 90500
X 139015  Y 87125
X 129015  Y 82125
X 134015  Y 82125
X 139015  Y 77125
X 124015  Y 77125
X 134015  Y 72125
X 129015  Y 72125
X 139015  Y 67125
X 124015  Y 67125
X 159015  Y 67125
X 144015  Y 67125
X 164015  Y 67125
X 154015  Y 72125
X 149015  Y 72125
X 159015  Y 77125
X 144015  Y 77125
X 164015  Y 77125
X 154015  Y 82125
X 149015  Y 82125
X 159015  Y 87125
X 144015  Y 87125
X 149015  Y 97125
X 164015  Y 97125
X 159015  Y 102125
X 144015  Y 102125
X 153741  Y 102151
X 148594  Y 102335
X 149015  Y 107125
X 164015  Y 107125
X 153984  Y 107157
X 159071  Y 107482
X 164208  Y 111933
X 144015  Y 112125
X 164015  Y 117125
X 151515  Y 118512
X 154844  Y 127516
X 154292  Y 131559
X 145000  Y 168609
X 145000  Y 191309
X 148200  Y 193548
X 148200  Y 205100
X 151800  Y 211418
X 151800  Y 221452
X 151800  Y 228951
X 158308  Y 258832
X 147797  Y 267313
X 151597  Y 269281
X 160116  Y 273178
X 177489  Y 310739
X 191089  Y 310739
X 177489  Y 296304
X 191089  Y 296304
X 182614  Y 289294
X 182614  Y 266594
X 187018  Y 245413
X 187091  Y 239012
X 175988  Y 213305
X 171514  Y 212016
X 185722  Y 165194
X 187804  Y 162437
X 191775  Y 159814
X 177726  Y 158760
X 180068  Y 156068
X 181515  Y 117902
X 174015  Y 112125
X 169180  Y 111933
X 169015  Y 107125
X 190005  Y 102125
X 174015  Y 102125
X 184000  Y 98000
X 189500  Y 97500
X 179015  Y 97125
X 189015  Y 87125
X 174015  Y 87125
X 184015  Y 82125
X 169015  Y 82125
X 184015  Y 77125
X 179015  Y 77125
X 169015  Y 72125
X 189015  Y 72125
X 174015  Y 72125
X 184015  Y 67125
X 179015  Y 67125
X 199015  Y 67125
X 204015  Y 67125
X 194015  Y 72125
X 214015  Y 72125
X 209015  Y 72125
X 199015  Y 77125
X 204015  Y 77125
X 214015  Y 82125
X 199015  Y 82125
X 204015  Y 87125
X 194015  Y 97125
X 209015  Y 97125
X 204015  Y 102125
X 198877  Y 102138
X 214034  Y 102145
X 194311  Y 102240
X 199015  Y 107125
X 209015  Y 107125
X 204015  Y 107125
X 209015  Y 112125
X 199065  Y 112169
X 204005  Y 112169
X 199015  Y 117125
X 216515  Y 117721
X 206515  Y 121167
X 201521  Y 121519
X 198994  Y 135503
X 196668  Y 137142
X 192721  Y 156959
X 212006  Y 213191
X 199408  Y 213191
X 196258  Y 213191
X 208857  Y 213191
X 205707  Y 213191
X 202558  Y 213191
X 196258  Y 216340
X 205707  Y 216340
X 212006  Y 216340
X 208857  Y 216340
X 202558  Y 216340
X 199408  Y 216340
X 202558  Y 219490
X 199408  Y 219490
X 202558  Y 222640
X 199408  Y 222640
X 199408  Y 225789
X 196258  Y 225789
X 193109  Y 225789
X 202558  Y 225789
X 202558  Y 232088
X 199408  Y 232088
X 196258  Y 232088
X 193109  Y 232088
X 199408  Y 235238
X 193109  Y 235238
X 196258  Y 235238
X 202558  Y 235238
X 196258  Y 238388
X 202558  Y 238388
X 199408  Y 238388
X 193109  Y 238388
X 202558  Y 241537
X 208857  Y 241537
X 205707  Y 241537
X 193109  Y 241537
X 196258  Y 241537
X 199408  Y 241537
X 202558  Y 244687
X 208857  Y 244687
X 205707  Y 244687
X 196258  Y 244687
X 193109  Y 244687
X 199408  Y 244687
X 193109  Y 247837
X 208857  Y 247837
X 205707  Y 247837
X 199408  Y 247837
X 196258  Y 247837
X 202558  Y 247837
X 193109  Y 250986
X 196258  Y 250986
X 208857  Y 250986
X 199408  Y 250986
X 205707  Y 250986
X 202558  Y 250986
X 202107  Y 257430
X 210156  Y 306707
X 228601  Y 257430
X 221455  Y 250986
X 224605  Y 250986
X 227754  Y 250986
X 230904  Y 250986
X 234054  Y 250986
X 221455  Y 247837
X 224605  Y 247837
X 227754  Y 247837
X 230904  Y 247837
X 234054  Y 247837
X 221455  Y 244687
X 224605  Y 244687
X 227754  Y 244687
X 230904  Y 244687
X 234054  Y 244687
X 221455  Y 241537
X 224605  Y 241537
X 227754  Y 241537
X 230904  Y 241537
X 234054  Y 241537
X 227754  Y 238388
X 230904  Y 238388
X 234054  Y 238388
X 237203  Y 238388
X 227754  Y 235238
X 230904  Y 235238
X 239500  Y 235000
X 230904  Y 232088
X 227754  Y 232088
X 227754  Y 225789
X 230904  Y 225789
X 227754  Y 222640
X 230904  Y 222640
X 227754  Y 219490
X 230904  Y 219490
X 224605  Y 216340
X 234054  Y 216340
X 218306  Y 216340
X 221455  Y 216340
X 230904  Y 216340
X 227754  Y 216340
X 227754  Y 213191
X 218306  Y 213191
X 234054  Y 213191
X 230904  Y 213191
X 221455  Y 213191
X 224605  Y 213191
X 239586  Y 157188
X 241494  Y 155212
X 232353  Y 146388
X 234356  Y 143110
X 223843  Y 127628
X 226884  Y 124732
X 233436  Y 123958
X 233673  Y 120254
X 221515  Y 118243
X 229015  Y 117125
X 239015  Y 112125
X 224015  Y 112125
X 229015  Y 107125
X 238755  Y 106865
X 233673  Y 106783
X 219015  Y 102125
X 239015  Y 102125
X 219064  Y 97077
X 228995  Y 92145
X 219015  Y 87125
X 239015  Y 87125
X 234015  Y 82125
X 229015  Y 77125
X 219015  Y 77125
X 239015  Y 72125
X 234015  Y 72125
X 219015  Y 67125
X 229015  Y 67125
X 244015  Y 67125
X 264015  Y 67125
X 249015  Y 67125
X 249015  Y 72125
X 259000  Y 76500
X 249015  Y 77125
X 244015  Y 77125
X 264015  Y 82125
X 249015  Y 82125
X 264015  Y 87125
X 249015  Y 87125
X 244015  Y 97125
X 259015  Y 97125
X 264000  Y 97500
X 263731  Y 101841
X 248776  Y 101886
X 243776  Y 101886
X 258899  Y 102009
X 254015  Y 102125
X 263715  Y 106826
X 254500  Y 107000
X 259015  Y 107125
X 244015  Y 107125
X 248539  Y 111650
X 243991  Y 112102
X 244015  Y 117125
X 256515  Y 118025
X 247909  Y 129473
X 244279  Y 132400
X 250499  Y 134191
X 247323  Y 136633
X 256311  Y 146489
X 256143  Y 149774
X 261774  Y 155066
X 259759  Y 160691
X 250920  Y 161567
X 248768  Y 165189
X 262959  Y 184285
X 258077  Y 185414
X 252613  Y 223262
X 260166  Y 224901
X 258644  Y 229466
X 250272  Y 232393
X 256800  Y 239980
X 256800  Y 244980
X 256800  Y 249923
X 256967  Y 266727
X 256179  Y 283981
X 256179  Y 299519
X 291040  Y 304691
X 281040  Y 301591
X 269779  Y 299519
X 290361  Y 287473
X 280361  Y 284373
X 269779  Y 283981
X 289982  Y 270266
X 279982  Y 267166
X 270567  Y 266727
X 283500  Y 190500
X 275279  Y 188055
X 275231  Y 184788
X 285064  Y 172012
X 272390  Y 171864
X 272605  Y 167408
X 287187  Y 165941
X 268617  Y 160439
X 268299  Y 157333
X 279070  Y 156577
X 281515  Y 154058
X 269512  Y 148433
X 268941  Y 144906
X 269015  Y 117125
X 279015  Y 112125
X 269015  Y 112125
X 284024  Y 107134
X 274015  Y 107125
X 278903  Y 107013
X 288601  Y 106712
X 268577  Y 106687
X 284015  Y 102125
X 269015  Y 102125
X 288735  Y 101846
X 284015  Y 97125
X 274015  Y 97125
X 284015  Y 92125
X 269015  Y 87125
X 268722  Y 82419
X 279027  Y 81527
X 289000  Y 78000
X 279000  Y 76500
X 274000  Y 76500
X 284015  Y 67125
X 289015  Y 67125
X 269015  Y 67125
X 308722  Y 66832
X 304015  Y 67125
X 299000  Y 76500
X 294000  Y 76500
X 313987  Y 76512
X 303277  Y 77277
X 309000  Y 77727
X 304000  Y 83000
X 309000  Y 83000
X 309000  Y 86500
X 299000  Y 91500
X 313987  Y 91512
X 304000  Y 97696
X 314151  Y 97848
X 293735  Y 101846
X 309308  Y 102419
X 313722  Y 102419
X 298722  Y 102419
X 304000  Y 102500
X 313893  Y 107003
X 308968  Y 107078
X 304015  Y 107125
X 299015  Y 107125
X 294000  Y 108000
X 299015  Y 112125
X 298894  Y 117004
X 294081  Y 117192
X 316500  Y 117500
X 314000  Y 120000
X 297737  Y 138088
X 313607  Y 139226
X 294467  Y 140578
X 300812  Y 148726
X 316166  Y 148726
X 300812  Y 161273
X 316166  Y 161273
X 313607  Y 170773
X 311070  Y 283882
X 301375  Y 287010
X 301375  Y 291310
X 310410  Y 296748
X 336014  Y 301170
X 324010  Y 296748
X 324670  Y 283882
X 336014  Y 278470
X 321000  Y 192500
X 326701  Y 180048
X 318725  Y 170773
X 330932  Y 170773
X 325814  Y 170773
X 328373  Y 161273
X 328373  Y 148726
X 341168  Y 148726
X 330932  Y 139226
X 338609  Y 139226
X 318500  Y 139000
X 326000  Y 139000
X 329746  Y 134215
X 319000  Y 131000
X 319081  Y 112918
X 323500  Y 112000
X 319015  Y 107925
X 319151  Y 102848
X 324000  Y 101500
X 334500  Y 99500
X 324161  Y 96338
X 326000  Y 94500
X 323500  Y 92208
X 319000  Y 91500
X 326000  Y 83500
X 319086  Y 81469
X 328000  Y 81000
X 324500  Y 78227
X 318987  Y 76512
X 324015  Y 67125
X 343727  Y 139226
X 343727  Y 161273
X 344065  Y 192502

Drill: .03  Tool: 2  Feed: 197  Speed: 550
X 260000  Y 322500
X 260000  Y 330000
X 290000  Y 347500
X 300000  Y 347500
X 290000  Y 340000
X 300000  Y 340000
X 270000  Y 330000
X 270000  Y 322500
X 290000  Y 240000
X 280000  Y 240000
X 280000  Y 232500
X 290000  Y 232500
X 340000  Y 242500
X 350000  Y 242500
X 350000  Y 250000
X 340000  Y 250000

Drill: .0535  Tool: 3  Feed: 107  Speed: 550
X 116965  Y 92125
X 331065  Y 104125

Drill: .062  Tool: 4  Feed: 89  Speed: 550
X 146042  Y 340000
X 220156  Y 340000

Drill: .067  Tool: 5  Feed: 89  Speed: 550
X 136042  Y 330000
X 156042  Y 330000
X 156042  Y 350000
X 136042  Y 350000
X 210156  Y 350000
X 230156  Y 350000
X 210156  Y 330000
X 230156  Y 330000

Drill: .1259  Tool: 6  Feed: 35  Speed: 794
X 100000  Y 100000
X 109842  Y 314960
X 332480  Y 314960
X 348031  Y 100000

End of Listing
